{"/Users/dust/Documents/Programacion/12_cuatrimestre/Sistemas_abiertos_III/ExamenFinal/examen-server-pern/src/router.ts": {"path":"/Users/dust/Documents/Programacion/12_cuatrimestre/Sistemas_abiertos_III/ExamenFinal/examen-server-pern/src/router.ts","statementMap":{"0":{"start":{"line":2,"column":0},"end":{"line":2,"column":33}},"1":{"start":{"line":3,"column":0},"end":{"line":3,"column":48}},"2":{"start":{"line":4,"column":0},"end":{"line":4,"column":49}},"3":{"start":{"line":5,"column":0},"end":{"line":5,"column":null}},"4":{"start":{"line":14,"column":15},"end":{"line":14,"column":23}},"5":{"start":{"line":70,"column":0},"end":{"line":70,"column":34}},"6":{"start":{"line":98,"column":0},"end":{"line":103,"column":2}},"7":{"start":{"line":147,"column":0},"end":{"line":157,"column":2}},"8":{"start":{"line":210,"column":0},"end":{"line":221,"column":2}},"9":{"start":{"line":249,"column":0},"end":{"line":254,"column":2}},"10":{"start":{"line":286,"column":0},"end":{"line":291,"column":2}},"11":{"start":{"line":293,"column":0},"end":{"line":293,"column":22}}},"fnMap":{},"branchMap":{},"s":{"0":2,"1":2,"2":2,"3":2,"4":2,"5":2,"6":2,"7":2,"8":2,"9":2,"10":2,"11":2},"f":{},"b":{}}
,"/Users/dust/Documents/Programacion/12_cuatrimestre/Sistemas_abiertos_III/ExamenFinal/examen-server-pern/src/server.ts": {"path":"/Users/dust/Documents/Programacion/12_cuatrimestre/Sistemas_abiertos_III/ExamenFinal/examen-server-pern/src/server.ts","statementMap":{"0":{"start":{"line":7,"column":0},"end":{"line":7,"column":7}},"1":{"start":{"line":1,"column":0},"end":{"line":1,"column":30}},"2":{"start":{"line":2,"column":0},"end":{"line":2,"column":30}},"3":{"start":{"line":3,"column":0},"end":{"line":3,"column":29}},"4":{"start":{"line":4,"column":0},"end":{"line":4,"column":65}},"5":{"start":{"line":5,"column":0},"end":{"line":5,"column":43}},"6":{"start":{"line":8,"column":4},"end":{"line":14,"column":5}},"7":{"start":{"line":9,"column":8},"end":{"line":9,"column":null}},"8":{"start":{"line":10,"column":8},"end":{"line":10,"column":null}},"9":{"start":{"line":11,"column":8},"end":{"line":11,"column":40}},"10":{"start":{"line":13,"column":8},"end":{"line":13,"column":49}},"11":{"start":{"line":16,"column":0},"end":{"line":16,"column":null}},"12":{"start":{"line":17,"column":15},"end":{"line":17,"column":24}},"13":{"start":{"line":18,"column":0},"end":{"line":18,"column":null}},"14":{"start":{"line":19,"column":0},"end":{"line":19,"column":null}},"15":{"start":{"line":20,"column":0},"end":{"line":20,"column":null}},"16":{"start":{"line":21,"column":0},"end":{"line":21,"column":null}}},"fnMap":{"0":{"name":"connectionDB","decl":{"start":{"line":7,"column":22},"end":{"line":7,"column":34}},"loc":{"start":{"line":7,"column":34},"end":{"line":15,"column":1}}}},"branchMap":{},"s":{"0":2,"1":2,"2":2,"3":2,"4":2,"5":2,"6":3,"7":3,"8":2,"9":2,"10":1,"11":2,"12":2,"13":2,"14":2,"15":2,"16":2},"f":{"0":3},"b":{}}
,"/Users/dust/Documents/Programacion/12_cuatrimestre/Sistemas_abiertos_III/ExamenFinal/examen-server-pern/src/config/db.ts": {"path":"/Users/dust/Documents/Programacion/12_cuatrimestre/Sistemas_abiertos_III/ExamenFinal/examen-server-pern/src/config/db.ts","statementMap":{"0":{"start":{"line":1,"column":0},"end":{"line":1,"column":49}},"1":{"start":{"line":2,"column":0},"end":{"line":2,"column":27}},"2":{"start":{"line":3,"column":0},"end":{"line":3,"column":null}},"3":{"start":{"line":4,"column":11},"end":{"line":7,"column":2}},"4":{"start":{"line":9,"column":0},"end":{"line":9,"column":null}}},"fnMap":{},"branchMap":{},"s":{"0":2,"1":2,"2":2,"3":2,"4":2},"f":{},"b":{}}
,"/Users/dust/Documents/Programacion/12_cuatrimestre/Sistemas_abiertos_III/ExamenFinal/examen-server-pern/src/config/swagger.ts": {"path":"/Users/dust/Documents/Programacion/12_cuatrimestre/Sistemas_abiertos_III/ExamenFinal/examen-server-pern/src/config/swagger.ts","statementMap":{"0":{"start":{"line":1,"column":0},"end":{"line":1,"column":41}},"1":{"start":{"line":4,"column":39},"end":{"line":26,"column":null}},"2":{"start":{"line":28,"column":44},"end":{"line":39,"column":null}},"3":{"start":{"line":44,"column":4},"end":{"line":44,"column":20}},"4":{"start":{"line":41,"column":20},"end":{"line":41,"column":41}},"5":{"start":{"line":42,"column":0},"end":{"line":42,"column":null}}},"fnMap":{},"branchMap":{},"s":{"0":2,"1":2,"2":2,"3":2,"4":2,"5":2},"f":{},"b":{}}
,"/Users/dust/Documents/Programacion/12_cuatrimestre/Sistemas_abiertos_III/ExamenFinal/examen-server-pern/src/handlers/book.ts": {"path":"/Users/dust/Documents/Programacion/12_cuatrimestre/Sistemas_abiertos_III/ExamenFinal/examen-server-pern/src/handlers/book.ts","statementMap":{"0":{"start":{"line":3,"column":0},"end":{"line":3,"column":38}},"1":{"start":{"line":5,"column":26},"end":{"line":8,"column":1}},"2":{"start":{"line":6,"column":15},"end":{"line":6,"column":42}},"3":{"start":{"line":7,"column":2},"end":{"line":7,"column":36}},"4":{"start":{"line":5,"column":13},"end":{"line":5,"column":26}},"5":{"start":{"line":10,"column":27},"end":{"line":13,"column":1}},"6":{"start":{"line":11,"column":16},"end":{"line":11,"column":72}},"7":{"start":{"line":12,"column":2},"end":{"line":12,"column":35}},"8":{"start":{"line":10,"column":13},"end":{"line":10,"column":27}},"9":{"start":{"line":15,"column":27},"end":{"line":24,"column":1}},"10":{"start":{"line":16,"column":17},"end":{"line":16,"column":27}},"11":{"start":{"line":17,"column":15},"end":{"line":17,"column":38}},"12":{"start":{"line":19,"column":2},"end":{"line":21,"column":3}},"13":{"start":{"line":20,"column":4},"end":{"line":20,"column":66}},"14":{"start":{"line":23,"column":2},"end":{"line":23,"column":24}},"15":{"start":{"line":15,"column":13},"end":{"line":15,"column":27}},"16":{"start":{"line":26,"column":26},"end":{"line":36,"column":1}},"17":{"start":{"line":27,"column":17},"end":{"line":27,"column":27}},"18":{"start":{"line":28,"column":15},"end":{"line":28,"column":38}},"19":{"start":{"line":30,"column":2},"end":{"line":32,"column":3}},"20":{"start":{"line":31,"column":4},"end":{"line":31,"column":66}},"21":{"start":{"line":34,"column":2},"end":{"line":34,"column":30}},"22":{"start":{"line":35,"column":2},"end":{"line":35,"column":24}},"23":{"start":{"line":26,"column":13},"end":{"line":26,"column":26}},"24":{"start":{"line":38,"column":34},"end":{"line":49,"column":1}},"25":{"start":{"line":39,"column":17},"end":{"line":39,"column":27}},"26":{"start":{"line":40,"column":15},"end":{"line":40,"column":38}},"27":{"start":{"line":42,"column":2},"end":{"line":44,"column":3}},"28":{"start":{"line":43,"column":4},"end":{"line":43,"column":66}},"29":{"start":{"line":46,"column":2},"end":{"line":46,"column":41}},"30":{"start":{"line":47,"column":2},"end":{"line":47,"column":20}},"31":{"start":{"line":48,"column":2},"end":{"line":48,"column":24}},"32":{"start":{"line":38,"column":13},"end":{"line":38,"column":34}},"33":{"start":{"line":51,"column":26},"end":{"line":60,"column":1}},"34":{"start":{"line":52,"column":17},"end":{"line":52,"column":27}},"35":{"start":{"line":53,"column":23},"end":{"line":53,"column":60}},"36":{"start":{"line":55,"column":2},"end":{"line":57,"column":3}},"37":{"start":{"line":56,"column":4},"end":{"line":56,"column":66}},"38":{"start":{"line":59,"column":2},"end":{"line":59,"column":64}},"39":{"start":{"line":51,"column":13},"end":{"line":51,"column":26}}},"fnMap":{"0":{"name":"(anonymous_1)","decl":{"start":{"line":5,"column":26},"end":{"line":5,"column":31}},"loc":{"start":{"line":5,"column":84},"end":{"line":8,"column":1}}},"1":{"name":"(anonymous_2)","decl":{"start":{"line":10,"column":27},"end":{"line":10,"column":32}},"loc":{"start":{"line":10,"column":86},"end":{"line":13,"column":1}}},"2":{"name":"(anonymous_3)","decl":{"start":{"line":15,"column":27},"end":{"line":15,"column":32}},"loc":{"start":{"line":15,"column":85},"end":{"line":24,"column":1}}},"3":{"name":"(anonymous_4)","decl":{"start":{"line":26,"column":26},"end":{"line":26,"column":31}},"loc":{"start":{"line":26,"column":84},"end":{"line":36,"column":1}}},"4":{"name":"(anonymous_5)","decl":{"start":{"line":38,"column":34},"end":{"line":38,"column":39}},"loc":{"start":{"line":38,"column":92},"end":{"line":49,"column":1}}},"5":{"name":"(anonymous_6)","decl":{"start":{"line":51,"column":26},"end":{"line":51,"column":31}},"loc":{"start":{"line":51,"column":84},"end":{"line":60,"column":1}}}},"branchMap":{"0":{"loc":{"start":{"line":19,"column":2},"end":{"line":21,"column":3}},"type":"if","locations":[{"start":{"line":19,"column":2},"end":{"line":21,"column":3}},{"start":{},"end":{}}]},"1":{"loc":{"start":{"line":30,"column":2},"end":{"line":32,"column":3}},"type":"if","locations":[{"start":{"line":30,"column":2},"end":{"line":32,"column":3}},{"start":{},"end":{}}]},"2":{"loc":{"start":{"line":42,"column":2},"end":{"line":44,"column":3}},"type":"if","locations":[{"start":{"line":42,"column":2},"end":{"line":44,"column":3}},{"start":{},"end":{}}]},"3":{"loc":{"start":{"line":55,"column":2},"end":{"line":57,"column":3}},"type":"if","locations":[{"start":{"line":55,"column":2},"end":{"line":57,"column":3}},{"start":{},"end":{}}]}},"s":{"0":2,"1":2,"2":7,"3":7,"4":2,"5":2,"6":3,"7":3,"8":2,"9":2,"10":2,"11":2,"12":2,"13":1,"14":1,"15":2,"16":2,"17":2,"18":2,"19":2,"20":1,"21":1,"22":1,"23":2,"24":2,"25":3,"26":3,"27":3,"28":1,"29":2,"30":2,"31":2,"32":2,"33":2,"34":2,"35":2,"36":2,"37":1,"38":1,"39":2},"f":{"0":7,"1":3,"2":2,"3":2,"4":3,"5":2},"b":{"0":[1,1],"1":[1,1],"2":[1,2],"3":[1,1]}}
,"/Users/dust/Documents/Programacion/12_cuatrimestre/Sistemas_abiertos_III/ExamenFinal/examen-server-pern/src/middleware/index.ts": {"path":"/Users/dust/Documents/Programacion/12_cuatrimestre/Sistemas_abiertos_III/ExamenFinal/examen-server-pern/src/middleware/index.ts","statementMap":{"0":{"start":{"line":2,"column":0},"end":{"line":2,"column":53}},"1":{"start":{"line":5,"column":33},"end":{"line":13,"column":1}},"2":{"start":{"line":6,"column":17},"end":{"line":6,"column":38}},"3":{"start":{"line":8,"column":2},"end":{"line":10,"column":3}},"4":{"start":{"line":9,"column":4},"end":{"line":9,"column":60}},"5":{"start":{"line":12,"column":2},"end":{"line":12,"column":9}},"6":{"start":{"line":5,"column":13},"end":{"line":5,"column":33}}},"fnMap":{"0":{"name":"(anonymous_0)","decl":{"start":{"line":5,"column":33},"end":{"line":5,"column":34}},"loc":{"start":{"line":5,"column":85},"end":{"line":13,"column":1}}}},"branchMap":{"0":{"loc":{"start":{"line":8,"column":2},"end":{"line":10,"column":3}},"type":"if","locations":[{"start":{"line":8,"column":2},"end":{"line":10,"column":3}},{"start":{},"end":{}}]}},"s":{"0":2,"1":2,"2":24,"3":24,"4":8,"5":16,"6":2},"f":{"0":24},"b":{"0":[8,16]}}
,"/Users/dust/Documents/Programacion/12_cuatrimestre/Sistemas_abiertos_III/ExamenFinal/examen-server-pern/src/models/Libro.mo.ts": {"path":"/Users/dust/Documents/Programacion/12_cuatrimestre/Sistemas_abiertos_III/ExamenFinal/examen-server-pern/src/models/Libro.mo.ts","statementMap":{"0":{"start":{"line":1,"column":0},"end":{"line":1,"column":79}},"1":{"start":{"line":6,"column":0},"end":{"line":37,"column":null}},"2":{"start":{"line":11,"column":10},"end":{"line":11,"column":null}},"3":{"start":{"line":17,"column":10},"end":{"line":17,"column":null}},"4":{"start":{"line":24,"column":10},"end":{"line":24,"column":null}},"5":{"start":{"line":30,"column":10},"end":{"line":30,"column":null}},"6":{"start":{"line":36,"column":10},"end":{"line":36,"column":null}},"7":{"start":{"line":6,"column":6},"end":{"line":37,"column":null}},"8":{"start":{"line":39,"column":0},"end":{"line":39,"column":20}}},"fnMap":{},"branchMap":{},"s":{"0":3,"1":3,"2":3,"3":3,"4":3,"5":3,"6":3,"7":3,"8":3},"f":{},"b":{}}
}
