TN:
SF:src/router.ts
FNF:0
FNH:0
DA:2,2
DA:3,2
DA:4,2
DA:5,2
DA:14,2
DA:70,2
DA:98,2
DA:147,2
DA:210,2
DA:249,2
DA:286,2
DA:293,2
LF:12
LH:12
BRF:0
BRH:0
end_of_record
TN:
SF:src/server.ts
FN:7,connectionDB
FNF:1
FNH:1
FNDA:3,connectionDB
DA:1,2
DA:2,2
DA:3,2
DA:4,2
DA:5,2
DA:7,2
DA:8,3
DA:9,3
DA:10,2
DA:11,2
DA:13,1
DA:16,2
DA:17,2
DA:18,2
DA:19,2
DA:20,2
DA:21,2
LF:17
LH:17
BRF:0
BRH:0
end_of_record
TN:
SF:src/config/db.ts
FNF:0
FNH:0
DA:1,2
DA:2,2
DA:3,2
DA:4,2
DA:9,2
LF:5
LH:5
BRF:0
BRH:0
end_of_record
TN:
SF:src/config/swagger.ts
FNF:0
FNH:0
DA:1,2
DA:4,2
DA:28,2
DA:41,2
DA:42,2
DA:44,2
LF:6
LH:6
BRF:0
BRH:0
end_of_record
TN:
SF:src/handlers/book.ts
FN:5,(anonymous_1)
FN:10,(anonymous_2)
FN:15,(anonymous_3)
FN:26,(anonymous_4)
FN:38,(anonymous_5)
FN:51,(anonymous_6)
FNF:6
FNH:6
FNDA:7,(anonymous_1)
FNDA:3,(anonymous_2)
FNDA:2,(anonymous_3)
FNDA:2,(anonymous_4)
FNDA:3,(anonymous_5)
FNDA:2,(anonymous_6)
DA:3,2
DA:5,2
DA:6,7
DA:7,7
DA:10,2
DA:11,3
DA:12,3
DA:15,2
DA:16,2
DA:17,2
DA:19,2
DA:20,1
DA:23,1
DA:26,2
DA:27,2
DA:28,2
DA:30,2
DA:31,1
DA:34,1
DA:35,1
DA:38,2
DA:39,3
DA:40,3
DA:42,3
DA:43,1
DA:46,2
DA:47,2
DA:48,2
DA:51,2
DA:52,2
DA:53,2
DA:55,2
DA:56,1
DA:59,1
LF:34
LH:34
BRDA:19,0,0,1
BRDA:19,0,1,1
BRDA:30,1,0,1
BRDA:30,1,1,1
BRDA:42,2,0,1
BRDA:42,2,1,2
BRDA:55,3,0,1
BRDA:55,3,1,1
BRF:8
BRH:8
end_of_record
TN:
SF:src/middleware/index.ts
FN:5,(anonymous_0)
FNF:1
FNH:1
FNDA:24,(anonymous_0)
DA:2,2
DA:5,2
DA:6,24
DA:8,24
DA:9,8
DA:12,16
LF:6
LH:6
BRDA:8,0,0,8
BRDA:8,0,1,16
BRF:2
BRH:2
end_of_record
TN:
SF:src/models/Libro.mo.ts
FNF:0
FNH:0
DA:1,3
DA:6,3
DA:11,3
DA:17,3
DA:24,3
DA:30,3
DA:36,3
DA:39,3
LF:8
LH:8
BRF:0
BRH:0
end_of_record
